# JRE version: Java(TM) SE Runtime Environment (8.0_201-b09) (build 1.8.0_201-b09)
# Java VM: Java HotSpot(TM) 64-Bit Server VM (25.201-b09 mixed mode bsd-amd64 compressed oops)
Heap:
 PSYoungGen      total 1354752K, used 315208K [0x000000076ab00000, 0x00000007c0000000, 0x00000007c0000000)
  eden space 1315328K, 20% used [0x000000076ab00000,0x000000077b8630f8,0x00000007baf80000)
  from space 39424K, 99% used [0x00000007baf80000,0x00000007bd5ef0f0,0x00000007bd600000)
  to   space 43008K, 0% used [0x00000007bd600000,0x00000007bd600000,0x00000007c0000000)
 ParOldGen       total 148992K, used 94758K [0x00000006c0000000, 0x00000006c9180000, 0x000000076ab00000)
  object space 148992K, 63% used [0x00000006c0000000,0x00000006c5c89bd0,0x00000006c9180000)
 Metaspace       used 39679K, capacity 41261K, committed 41472K, reserved 1085440K
  class space    used 4950K, capacity 5254K, committed 5376K, reserved 1048576K
GC Heap History (10 events):
Event: 10.668 GC heap before
{Heap before GC invocations=17 (full 2):
 PSYoungGen      total 974848K, used 973224K [0x000000076ab00000, 0x00000007a8100000, 0x00000007c0000000)
  eden space 955904K, 100% used [0x000000076ab00000,0x00000007a5080000,0x00000007a5080000)
  from space 18944K, 91% used [0x00000007a6480000,0x00000007a756a070,0x00000007a7700000)
  to   space 20480K, 0% used [0x00000007a5080000,0x00000007a5080000,0x00000007a6480000)
 ParOldGen       total 148992K, used 47274K [0x00000006c0000000, 0x00000006c9180000, 0x000000076ab00000)
  object space 148992K, 31% used [0x00000006c0000000,0x00000006c2e2a8c0,0x00000006c9180000)
 Metaspace       used 39429K, capacity 40999K, committed 41216K, reserved 1085440K
  class space    used 4948K, capacity 5253K, committed 5376K, reserved 1048576K
Event: 10.694 GC heap after
Heap after GC invocations=17 (full 2):
 PSYoungGen      total 976384K, used 20453K [0x000000076ab00000, 0x00000007b6800000, 0x00000007c0000000)
  eden space 955904K, 0% used [0x000000076ab00000,0x000000076ab00000,0x00000007a5080000)
  from space 20480K, 99% used [0x00000007a5080000,0x00000007a6479548,0x00000007a6480000)
  to   space 30208K, 0% used [0x00000007b4a80000,0x00000007b4a80000,0x00000007b6800000)
 ParOldGen       total 148992K, used 66840K [0x00000006c0000000, 0x00000006c9180000, 0x000000076ab00000)
  object space 148992K, 44% used [0x00000006c0000000,0x00000006c4146228,0x00000006c9180000)
 Metaspace       used 39429K, capacity 40999K, committed 41216K, reserved 1085440K
  class space    used 4948K, capacity 5253K, committed 5376K, reserved 1048576K
}
Event: 12.755 GC heap before
{Heap before GC invocations=18 (full 2):
 PSYoungGen      total 976384K, used 976357K [0x000000076ab00000, 0x00000007b6800000, 0x00000007c0000000)
  eden space 955904K, 100% used [0x000000076ab00000,0x00000007a5080000,0x00000007a5080000)
  from space 20480K, 99% used [0x00000007a5080000,0x00000007a6479548,0x00000007a6480000)
  to   space 30208K, 0% used [0x00000007b4a80000,0x00000007b4a80000,0x00000007b6800000)
 ParOldGen       total 148992K, used 66845K [0x00000006c0000000, 0x00000006c9180000, 0x000000076ab00000)
  object space 148992K, 44% used [0x00000006c0000000,0x00000006c41477c0,0x00000006c9180000)
 Metaspace       used 39521K, capacity 41063K, committed 41216K, reserved 1085440K
  class space    used 4950K, capacity 5253K, committed 5376K, reserved 1048576K
Event: 12.763 GC heap after
Heap after GC invocations=18 (full 2):
 PSYoungGen      total 1175552K, used 17180K [0x000000076ab00000, 0x00000007b5b80000, 0x00000007c0000000)
  eden space 1158144K, 0% used [0x000000076ab00000,0x000000076ab00000,0x00000007b1600000)
  from space 17408K, 98% used [0x00000007b4a80000,0x00000007b5b47070,0x00000007b5b80000)
  to   space 29696K, 0% used [0x00000007b2180000,0x00000007b2180000,0x00000007b3e80000)
 ParOldGen       total 148992K, used 66853K [0x00000006c0000000, 0x00000006c9180000, 0x000000076ab00000)
  object space 148992K, 44% used [0x00000006c0000000,0x00000006c41497c0,0x00000006c9180000)
 Metaspace       used 39521K, capacity 41063K, committed 41216K, reserved 1085440K
  class space    used 4950K, capacity 5253K, committed 5376K, reserved 1048576K
}
Event: 15.066 GC heap before
{Heap before GC invocations=19 (full 2):
 PSYoungGen      total 1175552K, used 1175324K [0x000000076ab00000, 0x00000007b5b80000, 0x00000007c0000000)
  eden space 1158144K, 100% used [0x000000076ab00000,0x00000007b1600000,0x00000007b1600000)
  from space 17408K, 98% used [0x00000007b4a80000,0x00000007b5b47070,0x00000007b5b80000)
  to   space 29696K, 0% used [0x00000007b2180000,0x00000007b2180000,0x00000007b3e80000)
 ParOldGen       total 148992K, used 72266K [0x00000006c0000000, 0x00000006c9180000, 0x000000076ab00000)
  object space 148992K, 48% used [0x00000006c0000000,0x00000006c4692968,0x00000006c9180000)
 Metaspace       used 39573K, capacity 41133K, committed 41472K, reserved 1085440K
  class space    used 4950K, capacity 5254K, committed 5376K, reserved 1048576K
Event: 15.089 GC heap after
Heap after GC invocations=19 (full 2):
 PSYoungGen      total 1199616K, used 28012K [0x000000076ab00000, 0x00000007bf700000, 0x00000007c0000000)
  eden space 1169920K, 0% used [0x000000076ab00000,0x000000076ab00000,0x00000007b2180000)
  from space 29696K, 94% used [0x00000007b2180000,0x00000007b3cdb0b0,0x00000007b3e80000)
  to   space 33280K, 0% used [0x00000007bd680000,0x00000007bd680000,0x00000007bf700000)
 ParOldGen       total 148992K, used 80374K [0x00000006c0000000, 0x00000006c9180000, 0x000000076ab00000)
  object space 148992K, 53% used [0x00000006c0000000,0x00000006c4e7d998,0x00000006c9180000)
 Metaspace       used 39573K, capacity 41133K, committed 41472K, reserved 1085440K
  class space    used 4950K, capacity 5254K, committed 5376K, reserved 1048576K
}
Event: 18.261 GC heap before
{Heap before GC invocations=20 (full 2):
 PSYoungGen      total 1199616K, used 1197932K [0x000000076ab00000, 0x00000007bf700000, 0x00000007c0000000)
  eden space 1169920K, 100% used [0x000000076ab00000,0x00000007b2180000,0x00000007b2180000)
  from space 29696K, 94% used [0x00000007b2180000,0x00000007b3cdb0b0,0x00000007b3e80000)
  to   space 33280K, 0% used [0x00000007bd680000,0x00000007bd680000,0x00000007bf700000)
 ParOldGen       total 148992K, used 83311K [0x00000006c0000000, 0x00000006c9180000, 0x000000076ab00000)
  object space 148992K, 55% used [0x00000006c0000000,0x00000006c515be98,0x00000006c9180000)
 Metaspace       used 39631K, capacity 41197K, committed 41472K, reserved 1085440K
  class space    used 4950K, capacity 5254K, committed 5376K, reserved 1048576K
Event: 18.291 GC heap after
Heap after GC invocations=20 (full 2):
 PSYoungGen      total 1348608K, used 33252K [0x000000076ab00000, 0x00000007c0000000, 0x00000007c0000000)
  eden space 1315328K, 0% used [0x000000076ab00000,0x000000076ab00000,0x00000007baf80000)
  from space 33280K, 99% used [0x00000007bd680000,0x00000007bf6f90d0,0x00000007bf700000)
  to   space 39936K, 0% used [0x00000007baf80000,0x00000007baf80000,0x00000007bd680000)
 ParOldGen       total 148992K, used 89128K [0x00000006c0000000, 0x00000006c9180000, 0x000000076ab00000)
  object space 148992K, 59% used [0x00000006c0000000,0x00000006c570a178,0x00000006c9180000)
 Metaspace       used 39631K, capacity 41197K, committed 41472K, reserved 1085440K
  class space    used 4950K, capacity 5254K, committed 5376K, reserved 1048576K
}
Event: 21.867 GC heap before
{Heap before GC invocations=21 (full 2):
 PSYoungGen      total 1348608K, used 1348580K [0x000000076ab00000, 0x00000007c0000000, 0x00000007c0000000)
  eden space 1315328K, 100% used [0x000000076ab00000,0x00000007baf80000,0x00000007baf80000)
  from space 33280K, 99% used [0x00000007bd680000,0x00000007bf6f90d0,0x00000007bf700000)
  to   space 39936K, 0% used [0x00000007baf80000,0x00000007baf80000,0x00000007bd680000)
 ParOldGen       total 148992K, used 89350K [0x00000006c0000000, 0x00000006c9180000, 0x000000076ab00000)
  object space 148992K, 59% used [0x00000006c0000000,0x00000006c5741bb0,0x00000006c9180000)
 Metaspace       used 39679K, capacity 41261K, committed 41472K, reserved 1085440K
  class space    used 4950K, capacity 5254K, committed 5376K, reserved 1048576K
Event: 21.906 GC heap after
Heap after GC invocations=21 (full 2):
 PSYoungGen      total 1354752K, used 39356K [0x000000076ab00000, 0x00000007c0000000, 0x00000007c0000000)
  eden space 1315328K, 0% used [0x000000076ab00000,0x000000076ab00000,0x00000007baf80000)
  from space 39424K, 99% used [0x00000007baf80000,0x00000007bd5ef0f0,0x00000007bd600000)
  to   space 43008K, 0% used [0x00000007bd600000,0x00000007bd600000,0x00000007c0000000)
 ParOldGen       total 148992K, used 94758K [0x00000006c0000000, 0x00000006c9180000, 0x000000076ab00000)
  object space 148992K, 63% used [0x00000006c0000000,0x00000006c5c89bd0,0x00000006c9180000)
 Metaspace       used 39679K, capacity 41261K, committed 41472K, reserved 1085440K
  class space    used 4950K, capacity 5254K, committed 5376K, reserved 1048576K
}

