# JRE version: Java(TM) SE Runtime Environment (8.0_201-b09) (build 1.8.0_201-b09)
# Java VM: Java HotSpot(TM) 64-Bit Server VM (25.201-b09 mixed mode bsd-amd64 compressed oops)
Heap:
 PSYoungGen      total 860160K, used 276443K [0x000000076ab00000, 0x00000007a4200000, 0x00000007c0000000)
  eden space 797184K, 28% used [0x000000076ab00000,0x0000000778650cc8,0x000000079b580000)
  from space 62976K, 82% used [0x000000079f900000,0x00000007a2ba6140,0x00000007a3680000)
  to   space 69120K, 0% used [0x000000079b580000,0x000000079b580000,0x000000079f900000)
 ParOldGen       total 158720K, used 74436K [0x00000006c0000000, 0x00000006c9b00000, 0x000000076ab00000)
  object space 158720K, 46% used [0x00000006c0000000,0x00000006c48b1088,0x00000006c9b00000)
 Metaspace       used 39687K, capacity 41262K, committed 41472K, reserved 1085440K
  class space    used 4949K, capacity 5254K, committed 5376K, reserved 1048576K
GC Heap History (10 events):
Event: 15.747 GC heap before
{Heap before GC invocations=28 (full 2):
 PSYoungGen      total 684032K, used 677796K [0x000000076ab00000, 0x000000079ac00000, 0x00000007c0000000)
  eden space 645120K, 100% used [0x000000076ab00000,0x0000000792100000,0x0000000792100000)
  from space 38912K, 83% used [0x0000000792100000,0x00000007940e90d0,0x0000000794700000)
  to   space 43008K, 0% used [0x0000000798200000,0x0000000798200000,0x000000079ac00000)
 ParOldGen       total 158720K, used 68553K [0x00000006c0000000, 0x00000006c9b00000, 0x000000076ab00000)
  object space 158720K, 43% used [0x00000006c0000000,0x00000006c42f27f0,0x00000006c9b00000)
 Metaspace       used 39606K, capacity 41134K, committed 41472K, reserved 1085440K
  class space    used 4949K, capacity 5254K, committed 5376K, reserved 1048576K
Event: 15.760 GC heap after
Heap after GC invocations=28 (full 2):
 PSYoungGen      total 740864K, used 32996K [0x000000076ab00000, 0x000000079b100000, 0x00000007c0000000)
  eden space 697856K, 0% used [0x000000076ab00000,0x000000076ab00000,0x0000000795480000)
  from space 43008K, 76% used [0x0000000798200000,0x000000079a2390d0,0x000000079ac00000)
  to   space 46592K, 0% used [0x0000000795480000,0x0000000795480000,0x0000000798200000)
 ParOldGen       total 158720K, used 68585K [0x00000006c0000000, 0x00000006c9b00000, 0x000000076ab00000)
  object space 158720K, 43% used [0x00000006c0000000,0x00000006c42fa7f0,0x00000006c9b00000)
 Metaspace       used 39606K, capacity 41134K, committed 41472K, reserved 1085440K
  class space    used 4949K, capacity 5254K, committed 5376K, reserved 1048576K
}
Event: 17.607 GC heap before
{Heap before GC invocations=29 (full 2):
 PSYoungGen      total 740864K, used 730852K [0x000000076ab00000, 0x000000079b100000, 0x00000007c0000000)
  eden space 697856K, 100% used [0x000000076ab00000,0x0000000795480000,0x0000000795480000)
  from space 43008K, 76% used [0x0000000798200000,0x000000079a2390d0,0x000000079ac00000)
  to   space 46592K, 0% used [0x0000000795480000,0x0000000795480000,0x0000000798200000)
 ParOldGen       total 158720K, used 68614K [0x00000006c0000000, 0x00000006c9b00000, 0x000000076ab00000)
  object space 158720K, 43% used [0x00000006c0000000,0x00000006c4301ae8,0x00000006c9b00000)
 Metaspace       used 39637K, capacity 41198K, committed 41472K, reserved 1085440K
  class space    used 4949K, capacity 5254K, committed 5376K, reserved 1048576K
Event: 17.616 GC heap after
Heap after GC invocations=29 (full 2):
 PSYoungGen      total 744448K, used 43796K [0x000000076ab00000, 0x000000079f100000, 0x00000007c0000000)
  eden space 697856K, 0% used [0x000000076ab00000,0x000000076ab00000,0x0000000795480000)
  from space 46592K, 93% used [0x0000000795480000,0x0000000797f45110,0x0000000798200000)
  to   space 53248K, 0% used [0x000000079bd00000,0x000000079bd00000,0x000000079f100000)
 ParOldGen       total 158720K, used 68678K [0x00000006c0000000, 0x00000006c9b00000, 0x000000076ab00000)
  object space 158720K, 43% used [0x00000006c0000000,0x00000006c4311ae8,0x00000006c9b00000)
 Metaspace       used 39637K, capacity 41198K, committed 41472K, reserved 1085440K
  class space    used 4949K, capacity 5254K, committed 5376K, reserved 1048576K
}
Event: 19.515 GC heap before
{Heap before GC invocations=30 (full 2):
 PSYoungGen      total 744448K, used 741652K [0x000000076ab00000, 0x000000079f100000, 0x00000007c0000000)
  eden space 697856K, 100% used [0x000000076ab00000,0x0000000795480000,0x0000000795480000)
  from space 46592K, 93% used [0x0000000795480000,0x0000000797f45110,0x0000000798200000)
  to   space 53248K, 0% used [0x000000079bd00000,0x000000079bd00000,0x000000079f100000)
 ParOldGen       total 158720K, used 68682K [0x00000006c0000000, 0x00000006c9b00000, 0x000000076ab00000)
  object space 158720K, 43% used [0x00000006c0000000,0x00000006c43129f8,0x00000006c9b00000)
 Metaspace       used 39647K, capacity 41198K, committed 41472K, reserved 1085440K
  class space    used 4949K, capacity 5254K, committed 5376K, reserved 1048576K
Event: 19.536 GC heap after
Heap after GC invocations=30 (full 2):
 PSYoungGen      total 796672K, used 51832K [0x000000076ab00000, 0x00000007a0400000, 0x00000007c0000000)
  eden space 743424K, 0% used [0x000000076ab00000,0x000000076ab00000,0x0000000798100000)
  from space 53248K, 97% used [0x000000079bd00000,0x000000079ef9e140,0x000000079f100000)
  to   space 61440K, 0% used [0x0000000798100000,0x0000000798100000,0x000000079bd00000)
 ParOldGen       total 158720K, used 74234K [0x00000006c0000000, 0x00000006c9b00000, 0x000000076ab00000)
  object space 158720K, 46% used [0x00000006c0000000,0x00000006c487ea18,0x00000006c9b00000)
 Metaspace       used 39647K, capacity 41198K, committed 41472K, reserved 1085440K
  class space    used 4949K, capacity 5254K, committed 5376K, reserved 1048576K
}
Event: 21.551 GC heap before
{Heap before GC invocations=31 (full 2):
 PSYoungGen      total 796672K, used 795256K [0x000000076ab00000, 0x00000007a0400000, 0x00000007c0000000)
  eden space 743424K, 100% used [0x000000076ab00000,0x0000000798100000,0x0000000798100000)
  from space 53248K, 97% used [0x000000079bd00000,0x000000079ef9e140,0x000000079f100000)
  to   space 61440K, 0% used [0x0000000798100000,0x0000000798100000,0x000000079bd00000)
 ParOldGen       total 158720K, used 74267K [0x00000006c0000000, 0x00000006c9b00000, 0x000000076ab00000)
  object space 158720K, 46% used [0x00000006c0000000,0x00000006c4886d50,0x00000006c9b00000)
 Metaspace       used 39677K, capacity 41198K, committed 41472K, reserved 1085440K
  class space    used 4949K, capacity 5254K, committed 5376K, reserved 1048576K
Event: 21.569 GC heap after
Heap after GC invocations=31 (full 2):
 PSYoungGen      total 804864K, used 38300K [0x000000076ab00000, 0x00000007a3680000, 0x00000007c0000000)
  eden space 743424K, 0% used [0x000000076ab00000,0x000000076ab00000,0x0000000798100000)
  from space 61440K, 62% used [0x0000000798100000,0x000000079a6670f0,0x000000079bd00000)
  to   space 62976K, 0% used [0x000000079f900000,0x000000079f900000,0x00000007a3680000)
 ParOldGen       total 158720K, used 74347K [0x00000006c0000000, 0x00000006c9b00000, 0x000000076ab00000)
  object space 158720K, 46% used [0x00000006c0000000,0x00000006c489ad50,0x00000006c9b00000)
 Metaspace       used 39677K, capacity 41198K, committed 41472K, reserved 1085440K
  class space    used 4949K, capacity 5254K, committed 5376K, reserved 1048576K
}
Event: 23.589 GC heap before
{Heap before GC invocations=32 (full 2):
 PSYoungGen      total 804864K, used 781724K [0x000000076ab00000, 0x00000007a3680000, 0x00000007c0000000)
  eden space 743424K, 100% used [0x000000076ab00000,0x0000000798100000,0x0000000798100000)
  from space 61440K, 62% used [0x0000000798100000,0x000000079a6670f0,0x000000079bd00000)
  to   space 62976K, 0% used [0x000000079f900000,0x000000079f900000,0x00000007a3680000)
 ParOldGen       total 158720K, used 74380K [0x00000006c0000000, 0x00000006c9b00000, 0x000000076ab00000)
  object space 158720K, 46% used [0x00000006c0000000,0x00000006c48a3088,0x00000006c9b00000)
 Metaspace       used 39686K, capacity 41262K, committed 41472K, reserved 1085440K
  class space    used 4949K, capacity 5254K, committed 5376K, reserved 1048576K
Event: 23.607 GC heap after
Heap after GC invocations=32 (full 2):
 PSYoungGen      total 860160K, used 51864K [0x000000076ab00000, 0x00000007a4200000, 0x00000007c0000000)
  eden space 797184K, 0% used [0x000000076ab00000,0x000000076ab00000,0x000000079b580000)
  from space 62976K, 82% used [0x000000079f900000,0x00000007a2ba6140,0x00000007a3680000)
  to   space 69120K, 0% used [0x000000079b580000,0x000000079b580000,0x000000079f900000)
 ParOldGen       total 158720K, used 74436K [0x00000006c0000000, 0x00000006c9b00000, 0x000000076ab00000)
  object space 158720K, 46% used [0x00000006c0000000,0x00000006c48b1088,0x00000006c9b00000)
 Metaspace       used 39686K, capacity 41262K, committed 41472K, reserved 1085440K
  class space    used 4949K, capacity 5254K, committed 5376K, reserved 1048576K
}

