# JRE version: Java(TM) SE Runtime Environment (8.0_201-b09) (build 1.8.0_201-b09)
# Java VM: Java HotSpot(TM) 64-Bit Server VM (25.201-b09 mixed mode bsd-amd64 compressed oops)
Heap:
 PSYoungGen      total 617984K, used 514731K [0x000000076ab00000, 0x000000079dc00000, 0x00000007c0000000)
  eden space 599552K, 83% used [0x000000076ab00000,0x00000007893d5758,0x000000078f480000)
  from space 18432K, 76% used [0x000000078f480000,0x00000007902557e0,0x0000000790680000)
  to   space 19968K, 0% used [0x000000079c880000,0x000000079c880000,0x000000079dc00000)
 ParOldGen       total 131584K, used 14657K [0x00000006c0000000, 0x00000006c8080000, 0x000000076ab00000)
  object space 131584K, 11% used [0x00000006c0000000,0x00000006c0e50738,0x00000006c8080000)
 Metaspace       used 36812K, capacity 38094K, committed 38528K, reserved 1083392K
  class space    used 4588K, capacity 4872K, committed 4992K, reserved 1048576K
GC Heap History (10 events):
Event: 3.706 GC heap before
{Heap before GC invocations=13 (full 2):
 PSYoungGen      total 314368K, used 300544K [0x000000076ab00000, 0x0000000781a80000, 0x00000007c0000000)
  eden space 300544K, 100% used [0x000000076ab00000,0x000000077d080000,0x000000077d080000)
  from space 13824K, 0% used [0x000000077df00000,0x000000077df00000,0x000000077ec80000)
  to   space 14848K, 0% used [0x000000077d080000,0x000000077d080000,0x000000077df00000)
 ParOldGen       total 131584K, used 14129K [0x00000006c0000000, 0x00000006c8080000, 0x000000076ab00000)
  object space 131584K, 10% used [0x00000006c0000000,0x00000006c0dcc6f8,0x00000006c8080000)
 Metaspace       used 35027K, capacity 36286K, committed 36392K, reserved 1081344K
  class space    used 4396K, capacity 4676K, committed 4736K, reserved 1048576K
Event: 3.707 GC heap after
Heap after GC invocations=13 (full 2):
 PSYoungGen      total 315392K, used 544K [0x000000076ab00000, 0x0000000787700000, 0x00000007c0000000)
  eden space 300544K, 0% used [0x000000076ab00000,0x000000076ab00000,0x000000077d080000)
  from space 14848K, 3% used [0x000000077d080000,0x000000077d108000,0x000000077df00000)
  to   space 15360K, 0% used [0x0000000786800000,0x0000000786800000,0x0000000787700000)
 ParOldGen       total 131584K, used 14137K [0x00000006c0000000, 0x00000006c8080000, 0x000000076ab00000)
  object space 131584K, 10% used [0x00000006c0000000,0x00000006c0dce6f8,0x00000006c8080000)
 Metaspace       used 35027K, capacity 36286K, committed 36392K, reserved 1081344K
  class space    used 4396K, capacity 4676K, committed 4736K, reserved 1048576K
}
Event: 3.876 GC heap before
{Heap before GC invocations=14 (full 2):
 PSYoungGen      total 315392K, used 301088K [0x000000076ab00000, 0x0000000787700000, 0x00000007c0000000)
  eden space 300544K, 100% used [0x000000076ab00000,0x000000077d080000,0x000000077d080000)
  from space 14848K, 3% used [0x000000077d080000,0x000000077d108000,0x000000077df00000)
  to   space 15360K, 0% used [0x0000000786800000,0x0000000786800000,0x0000000787700000)
 ParOldGen       total 131584K, used 14137K [0x00000006c0000000, 0x00000006c8080000, 0x000000076ab00000)
  object space 131584K, 10% used [0x00000006c0000000,0x00000006c0dce6f8,0x00000006c8080000)
 Metaspace       used 35072K, capacity 36286K, committed 36392K, reserved 1081344K
  class space    used 4407K, capacity 4676K, committed 4736K, reserved 1048576K
Event: 3.877 GC heap after
Heap after GC invocations=14 (full 2):
 PSYoungGen      total 438272K, used 480K [0x000000076ab00000, 0x0000000786e80000, 0x00000007c0000000)
  eden space 431616K, 0% used [0x000000076ab00000,0x000000076ab00000,0x0000000785080000)
  from space 6656K, 7% used [0x0000000786800000,0x0000000786878000,0x0000000786e80000)
  to   space 15360K, 0% used [0x0000000785080000,0x0000000785080000,0x0000000785f80000)
 ParOldGen       total 131584K, used 14137K [0x00000006c0000000, 0x00000006c8080000, 0x000000076ab00000)
  object space 131584K, 10% used [0x00000006c0000000,0x00000006c0dce6f8,0x00000006c8080000)
 Metaspace       used 35072K, capacity 36286K, committed 36392K, reserved 1081344K
  class space    used 4407K, capacity 4676K, committed 4736K, reserved 1048576K
}
Event: 4.303 GC heap before
{Heap before GC invocations=15 (full 2):
 PSYoungGen      total 438272K, used 432096K [0x000000076ab00000, 0x0000000786e80000, 0x00000007c0000000)
  eden space 431616K, 100% used [0x000000076ab00000,0x0000000785080000,0x0000000785080000)
  from space 6656K, 7% used [0x0000000786800000,0x0000000786878000,0x0000000786e80000)
  to   space 15360K, 0% used [0x0000000785080000,0x0000000785080000,0x0000000785f80000)
 ParOldGen       total 131584K, used 14137K [0x00000006c0000000, 0x00000006c8080000, 0x000000076ab00000)
  object space 131584K, 10% used [0x00000006c0000000,0x00000006c0dce6f8,0x00000006c8080000)
 Metaspace       used 36561K, capacity 37800K, committed 38144K, reserved 1083392K
  class space    used 4568K, capacity 4839K, committed 4864K, reserved 1048576K
Event: 4.307 GC heap after
Heap after GC invocations=15 (full 2):
 PSYoungGen      total 446976K, used 11440K [0x000000076ab00000, 0x0000000791a80000, 0x00000007c0000000)
  eden space 431616K, 0% used [0x000000076ab00000,0x000000076ab00000,0x0000000785080000)
  from space 15360K, 74% used [0x0000000785080000,0x0000000785bac050,0x0000000785f80000)
  to   space 16384K, 0% used [0x0000000790a80000,0x0000000790a80000,0x0000000791a80000)
 ParOldGen       total 131584K, used 14441K [0x00000006c0000000, 0x00000006c8080000, 0x000000076ab00000)
  object space 131584K, 10% used [0x00000006c0000000,0x00000006c0e1a718,0x00000006c8080000)
 Metaspace       used 36561K, capacity 37800K, committed 38144K, reserved 1083392K
  class space    used 4568K, capacity 4839K, committed 4864K, reserved 1048576K
}
Event: 4.635 GC heap before
{Heap before GC invocations=16 (full 2):
 PSYoungGen      total 446976K, used 443056K [0x000000076ab00000, 0x0000000791a80000, 0x00000007c0000000)
  eden space 431616K, 100% used [0x000000076ab00000,0x0000000785080000,0x0000000785080000)
  from space 15360K, 74% used [0x0000000785080000,0x0000000785bac050,0x0000000785f80000)
  to   space 16384K, 0% used [0x0000000790a80000,0x0000000790a80000,0x0000000791a80000)
 ParOldGen       total 131584K, used 14441K [0x00000006c0000000, 0x00000006c8080000, 0x000000076ab00000)
  object space 131584K, 10% used [0x00000006c0000000,0x00000006c0e1a718,0x00000006c8080000)
 Metaspace       used 36656K, capacity 37864K, committed 38144K, reserved 1083392K
  class space    used 4575K, capacity 4839K, committed 4864K, reserved 1048576K
Event: 4.640 GC heap after
Heap after GC invocations=16 (full 2):
 PSYoungGen      total 608256K, used 14044K [0x000000076ab00000, 0x0000000791880000, 0x00000007c0000000)
  eden space 593920K, 0% used [0x000000076ab00000,0x000000076ab00000,0x000000078ef00000)
  from space 14336K, 97% used [0x0000000790a80000,0x0000000791837060,0x0000000791880000)
  to   space 18432K, 0% used [0x000000078f480000,0x000000078f480000,0x0000000790680000)
 ParOldGen       total 131584K, used 14609K [0x00000006c0000000, 0x00000006c8080000, 0x000000076ab00000)
  object space 131584K, 11% used [0x00000006c0000000,0x00000006c0e44728,0x00000006c8080000)
 Metaspace       used 36656K, capacity 37864K, committed 38144K, reserved 1083392K
  class space    used 4575K, capacity 4839K, committed 4864K, reserved 1048576K
}
Event: 5.321 GC heap before
{Heap before GC invocations=17 (full 2):
 PSYoungGen      total 608256K, used 607964K [0x000000076ab00000, 0x0000000791880000, 0x00000007c0000000)
  eden space 593920K, 100% used [0x000000076ab00000,0x000000078ef00000,0x000000078ef00000)
  from space 14336K, 97% used [0x0000000790a80000,0x0000000791837060,0x0000000791880000)
  to   space 18432K, 0% used [0x000000078f480000,0x000000078f480000,0x0000000790680000)
 ParOldGen       total 131584K, used 14609K [0x00000006c0000000, 0x00000006c8080000, 0x000000076ab00000)
  object space 131584K, 11% used [0x00000006c0000000,0x00000006c0e44728,0x00000006c8080000)
 Metaspace       used 36768K, capacity 38030K, committed 38272K, reserved 1083392K
  class space    used 4586K, capacity 4872K, committed 4992K, reserved 1048576K
Event: 5.327 GC heap after
Heap after GC invocations=17 (full 2):
 PSYoungGen      total 617984K, used 14165K [0x000000076ab00000, 0x000000079dc00000, 0x00000007c0000000)
  eden space 599552K, 0% used [0x000000076ab00000,0x000000076ab00000,0x000000078f480000)
  from space 18432K, 76% used [0x000000078f480000,0x00000007902557e0,0x0000000790680000)
  to   space 19968K, 0% used [0x000000079c880000,0x000000079c880000,0x000000079dc00000)
 ParOldGen       total 131584K, used 14657K [0x00000006c0000000, 0x00000006c8080000, 0x000000076ab00000)
  object space 131584K, 11% used [0x00000006c0000000,0x00000006c0e50738,0x00000006c8080000)
 Metaspace       used 36768K, capacity 38030K, committed 38272K, reserved 1083392K
  class space    used 4586K, capacity 4872K, committed 4992K, reserved 1048576K
}

