# JRE version: Java(TM) SE Runtime Environment (8.0_201-b09) (build 1.8.0_201-b09)
# Java VM: Java HotSpot(TM) 64-Bit Server VM (25.201-b09 mixed mode bsd-amd64 compressed oops)
Heap:
 PSYoungGen      total 985600K, used 429065K [0x000000076ab00000, 0x00000007b6d80000, 0x00000007c0000000)
  eden space 965632K, 42% used [0x000000076ab00000,0x0000000783a877e0,0x00000007a5a00000)
  from space 19968K, 99% used [0x00000007a5a00000,0x00000007a6d7af50,0x00000007a6d80000)
  to   space 25088K, 0% used [0x00000007b5500000,0x00000007b5500000,0x00000007b6d80000)
 ParOldGen       total 154624K, used 69926K [0x00000006c0000000, 0x00000006c9700000, 0x000000076ab00000)
  object space 154624K, 45% used [0x00000006c0000000,0x00000006c4449b20,0x00000006c9700000)
 Metaspace       used 39454K, capacity 41020K, committed 41128K, reserved 1085440K
  class space    used 4949K, capacity 5253K, committed 5296K, reserved 1048576K
GC Heap History (10 events):
Event: 4.852 GC heap before
{Heap before GC invocations=13 (full 2):
 PSYoungGen      total 615424K, used 611024K [0x000000076ab00000, 0x0000000793400000, 0x00000007c0000000)
  eden space 599040K, 100% used [0x000000076ab00000,0x000000078f400000,0x000000078f400000)
  from space 16384K, 73% used [0x0000000790400000,0x0000000790fb4070,0x0000000791400000)
  to   space 16384K, 0% used [0x000000078f400000,0x000000078f400000,0x0000000790400000)
 ParOldGen       total 154624K, used 20164K [0x00000006c0000000, 0x00000006c9700000, 0x000000076ab00000)
  object space 154624K, 13% used [0x00000006c0000000,0x00000006c13b1180,0x00000006c9700000)
 Metaspace       used 36758K, capacity 38046K, committed 38184K, reserved 1083392K
  class space    used 4588K, capacity 4872K, committed 4912K, reserved 1048576K
Event: 4.858 GC heap after
Heap after GC invocations=13 (full 2):
 PSYoungGen      total 615424K, used 14710K [0x000000076ab00000, 0x000000079cd80000, 0x00000007c0000000)
  eden space 599040K, 0% used [0x000000076ab00000,0x000000076ab00000,0x000000078f400000)
  from space 16384K, 89% used [0x000000078f400000,0x000000079025d800,0x0000000790400000)
  to   space 16896K, 0% used [0x000000079bd00000,0x000000079bd00000,0x000000079cd80000)
 ParOldGen       total 154624K, used 30972K [0x00000006c0000000, 0x00000006c9700000, 0x000000076ab00000)
  object space 154624K, 20% used [0x00000006c0000000,0x00000006c1e3f1c0,0x00000006c9700000)
 Metaspace       used 36758K, capacity 38046K, committed 38184K, reserved 1083392K
  class space    used 4588K, capacity 4872K, committed 4912K, reserved 1048576K
}
Event: 6.222 GC heap before
{Heap before GC invocations=14 (full 2):
 PSYoungGen      total 615424K, used 613750K [0x000000076ab00000, 0x000000079cd80000, 0x00000007c0000000)
  eden space 599040K, 100% used [0x000000076ab00000,0x000000078f400000,0x000000078f400000)
  from space 16384K, 89% used [0x000000078f400000,0x000000079025d800,0x0000000790400000)
  to   space 16896K, 0% used [0x000000079bd00000,0x000000079bd00000,0x000000079cd80000)
 ParOldGen       total 154624K, used 33705K [0x00000006c0000000, 0x00000006c9700000, 0x000000076ab00000)
  object space 154624K, 21% used [0x00000006c0000000,0x00000006c20ea508,0x00000006c9700000)
 Metaspace       used 36795K, capacity 38046K, committed 38184K, reserved 1083392K
  class space    used 4590K, capacity 4872K, committed 4912K, reserved 1048576K
Event: 6.230 GC heap after
Heap after GC invocations=14 (full 2):
 PSYoungGen      total 785920K, used 14812K [0x000000076ab00000, 0x000000079cb80000, 0x00000007c0000000)
  eden space 771072K, 0% used [0x000000076ab00000,0x000000076ab00000,0x0000000799c00000)
  from space 14848K, 99% used [0x000000079bd00000,0x000000079cb77080,0x000000079cb80000)
  to   space 17920K, 0% used [0x000000079a880000,0x000000079a880000,0x000000079ba00000)
 ParOldGen       total 154624K, used 49913K [0x00000006c0000000, 0x00000006c9700000, 0x000000076ab00000)
  object space 154624K, 32% used [0x00000006c0000000,0x00000006c30be568,0x00000006c9700000)
 Metaspace       used 36795K, capacity 38046K, committed 38184K, reserved 1083392K
  class space    used 4590K, capacity 4872K, committed 4912K, reserved 1048576K
}
Event: 7.896 GC heap before
{Heap before GC invocations=15 (full 2):
 PSYoungGen      total 785920K, used 785884K [0x000000076ab00000, 0x000000079cb80000, 0x00000007c0000000)
  eden space 771072K, 100% used [0x000000076ab00000,0x0000000799c00000,0x0000000799c00000)
  from space 14848K, 99% used [0x000000079bd00000,0x000000079cb77080,0x000000079cb80000)
  to   space 17920K, 0% used [0x000000079a880000,0x000000079a880000,0x000000079ba00000)
 ParOldGen       total 154624K, used 49927K [0x00000006c0000000, 0x00000006c9700000, 0x000000076ab00000)
  object space 154624K, 32% used [0x00000006c0000000,0x00000006c30c1c18,0x00000006c9700000)
 Metaspace       used 36881K, capacity 38110K, committed 38440K, reserved 1083392K
  class space    used 4593K, capacity 4872K, committed 4912K, reserved 1048576K
Event: 7.901 GC heap after
Heap after GC invocations=15 (full 2):
 PSYoungGen      total 801792K, used 14972K [0x000000076ab00000, 0x00000007a7f80000, 0x00000007c0000000)
  eden space 783872K, 0% used [0x000000076ab00000,0x000000076ab00000,0x000000079a880000)
  from space 17920K, 83% used [0x000000079a880000,0x000000079b71f080,0x000000079ba00000)
  to   space 18432K, 0% used [0x00000007a6d80000,0x00000007a6d80000,0x00000007a7f80000)
 ParOldGen       total 154624K, used 49935K [0x00000006c0000000, 0x00000006c9700000, 0x000000076ab00000)
  object space 154624K, 32% used [0x00000006c0000000,0x00000006c30c3c18,0x00000006c9700000)
 Metaspace       used 36881K, capacity 38110K, committed 38440K, reserved 1083392K
  class space    used 4593K, capacity 4872K, committed 4912K, reserved 1048576K
}
Event: 8.491 GC heap before
{Heap before GC invocations=16 (full 2):
 PSYoungGen      total 801792K, used 798844K [0x000000076ab00000, 0x00000007a7f80000, 0x00000007c0000000)
  eden space 783872K, 100% used [0x000000076ab00000,0x000000079a880000,0x000000079a880000)
  from space 17920K, 83% used [0x000000079a880000,0x000000079b71f080,0x000000079ba00000)
  to   space 18432K, 0% used [0x00000007a6d80000,0x00000007a6d80000,0x00000007a7f80000)
 ParOldGen       total 154624K, used 49942K [0x00000006c0000000, 0x00000006c9700000, 0x000000076ab00000)
  object space 154624K, 32% used [0x00000006c0000000,0x00000006c30c5bc0,0x00000006c9700000)
 Metaspace       used 37077K, capacity 38334K, committed 38440K, reserved 1083392K
  class space    used 4623K, capacity 4904K, committed 4912K, reserved 1048576K
Event: 8.498 GC heap after
Heap after GC invocations=16 (full 2):
 PSYoungGen      total 984064K, used 17480K [0x000000076ab00000, 0x00000007a9300000, 0x00000007c0000000)
  eden space 965632K, 0% used [0x000000076ab00000,0x000000076ab00000,0x00000007a5a00000)
  from space 18432K, 94% used [0x00000007a6d80000,0x00000007a7e92090,0x00000007a7f80000)
  to   space 19968K, 0% used [0x00000007a5a00000,0x00000007a5a00000,0x00000007a6d80000)
 ParOldGen       total 154624K, used 60751K [0x00000006c0000000, 0x00000006c9700000, 0x000000076ab00000)
  object space 154624K, 39% used [0x00000006c0000000,0x00000006c3b53c00,0x00000006c9700000)
 Metaspace       used 37077K, capacity 38334K, committed 38440K, reserved 1083392K
  class space    used 4623K, capacity 4904K, committed 4912K, reserved 1048576K
}
Event: 9.798 GC heap before
{Heap before GC invocations=17 (full 2):
 PSYoungGen      total 984064K, used 983112K [0x000000076ab00000, 0x00000007a9300000, 0x00000007c0000000)
  eden space 965632K, 100% used [0x000000076ab00000,0x00000007a5a00000,0x00000007a5a00000)
  from space 18432K, 94% used [0x00000007a6d80000,0x00000007a7e92090,0x00000007a7f80000)
  to   space 19968K, 0% used [0x00000007a5a00000,0x00000007a5a00000,0x00000007a6d80000)
 ParOldGen       total 154624K, used 60789K [0x00000006c0000000, 0x00000006c9700000, 0x000000076ab00000)
  object space 154624K, 39% used [0x00000006c0000000,0x00000006c3b5d780,0x00000006c9700000)
 Metaspace       used 39443K, capacity 41020K, committed 41128K, reserved 1085440K
  class space    used 4949K, capacity 5253K, committed 5296K, reserved 1048576K
Event: 9.807 GC heap after
Heap after GC invocations=17 (full 2):
 PSYoungGen      total 985600K, used 19947K [0x000000076ab00000, 0x00000007b6d80000, 0x00000007c0000000)
  eden space 965632K, 0% used [0x000000076ab00000,0x000000076ab00000,0x00000007a5a00000)
  from space 19968K, 99% used [0x00000007a5a00000,0x00000007a6d7af50,0x00000007a6d80000)
  to   space 25088K, 0% used [0x00000007b5500000,0x00000007b5500000,0x00000007b6d80000)
 ParOldGen       total 154624K, used 69926K [0x00000006c0000000, 0x00000006c9700000, 0x000000076ab00000)
  object space 154624K, 45% used [0x00000006c0000000,0x00000006c4449b20,0x00000006c9700000)
 Metaspace       used 39443K, capacity 41020K, committed 41128K, reserved 1085440K
  class space    used 4949K, capacity 5253K, committed 5296K, reserved 1048576K
}

