# JRE version: Java(TM) SE Runtime Environment (8.0_201-b09) (build 1.8.0_201-b09)
# Java VM: Java HotSpot(TM) 64-Bit Server VM (25.201-b09 mixed mode bsd-amd64 compressed oops)
Heap:
 PSYoungGen      total 692224K, used 328508K [0x000000076ab00000, 0x000000079c780000, 0x00000007c0000000)
  eden space 672768K, 46% used [0x000000076ab00000,0x000000077db25378,0x0000000793c00000)
  from space 19456K, 87% used [0x0000000793c00000,0x0000000794caa070,0x0000000794f00000)
  to   space 22016K, 0% used [0x000000079b200000,0x000000079b200000,0x000000079c780000)
 ParOldGen       total 139776K, used 36456K [0x00000006c0000000, 0x00000006c8880000, 0x000000076ab00000)
  object space 139776K, 26% used [0x00000006c0000000,0x00000006c239a308,0x00000006c8880000)
 Metaspace       used 37021K, capacity 38294K, committed 38696K, reserved 1083392K
  class space    used 4605K, capacity 4872K, committed 4912K, reserved 1048576K
GC Heap History (10 events):
Event: 5.295 GC heap before
{Heap before GC invocations=15 (full 2):
 PSYoungGen      total 421888K, used 417772K [0x000000076ab00000, 0x0000000785d00000, 0x00000007c0000000)
  eden space 414720K, 100% used [0x000000076ab00000,0x0000000784000000,0x0000000784000000)
  from space 7168K, 42% used [0x0000000785600000,0x00000007858fb010,0x0000000785d00000)
  to   space 14848K, 0% used [0x0000000784000000,0x0000000784000000,0x0000000784e80000)
 ParOldGen       total 139776K, used 14564K [0x00000006c0000000, 0x00000006c8880000, 0x000000076ab00000)
  object space 139776K, 10% used [0x00000006c0000000,0x00000006c0e39070,0x00000006c8880000)
 Metaspace       used 36620K, capacity 37872K, committed 38184K, reserved 1083392K
  class space    used 4571K, capacity 4839K, committed 4912K, reserved 1048576K
Event: 5.301 GC heap after
Heap after GC invocations=15 (full 2):
 PSYoungGen      total 429568K, used 11489K [0x000000076ab00000, 0x000000078cc80000, 0x00000007c0000000)
  eden space 414720K, 0% used [0x000000076ab00000,0x000000076ab00000,0x0000000784000000)
  from space 14848K, 77% used [0x0000000784000000,0x0000000784b384e0,0x0000000784e80000)
  to   space 16384K, 0% used [0x000000078bc80000,0x000000078bc80000,0x000000078cc80000)
 ParOldGen       total 139776K, used 14636K [0x00000006c0000000, 0x00000006c8880000, 0x000000076ab00000)
  object space 139776K, 10% used [0x00000006c0000000,0x00000006c0e4b070,0x00000006c8880000)
 Metaspace       used 36620K, capacity 37872K, committed 38184K, reserved 1083392K
  class space    used 4571K, capacity 4839K, committed 4912K, reserved 1048576K
}
Event: 5.664 GC heap before
{Heap before GC invocations=16 (full 2):
 PSYoungGen      total 429568K, used 426209K [0x000000076ab00000, 0x000000078cc80000, 0x00000007c0000000)
  eden space 414720K, 100% used [0x000000076ab00000,0x0000000784000000,0x0000000784000000)
  from space 14848K, 77% used [0x0000000784000000,0x0000000784b384e0,0x0000000784e80000)
  to   space 16384K, 0% used [0x000000078bc80000,0x000000078bc80000,0x000000078cc80000)
 ParOldGen       total 139776K, used 14643K [0x00000006c0000000, 0x00000006c8880000, 0x000000076ab00000)
  object space 139776K, 10% used [0x00000006c0000000,0x00000006c0e4cfc8,0x00000006c8880000)
 Metaspace       used 36756K, capacity 38032K, committed 38440K, reserved 1083392K
  class space    used 4586K, capacity 4871K, committed 4912K, reserved 1048576K
Event: 5.670 GC heap after
Heap after GC invocations=16 (full 2):
 PSYoungGen      total 538112K, used 14229K [0x000000076ab00000, 0x000000078cc00000, 0x00000007c0000000)
  eden space 522240K, 0% used [0x000000076ab00000,0x000000076ab00000,0x000000078a900000)
  from space 15872K, 89% used [0x000000078bc80000,0x000000078ca657e0,0x000000078cc00000)
  to   space 17920K, 0% used [0x000000078a900000,0x000000078a900000,0x000000078ba80000)
 ParOldGen       total 139776K, used 14651K [0x00000006c0000000, 0x00000006c8880000, 0x000000076ab00000)
  object space 139776K, 10% used [0x00000006c0000000,0x00000006c0e4efc8,0x00000006c8880000)
 Metaspace       used 36756K, capacity 38032K, committed 38440K, reserved 1083392K
  class space    used 4586K, capacity 4871K, committed 4912K, reserved 1048576K
}
Event: 6.732 GC heap before
{Heap before GC invocations=17 (full 2):
 PSYoungGen      total 538112K, used 536469K [0x000000076ab00000, 0x000000078cc00000, 0x00000007c0000000)
  eden space 522240K, 100% used [0x000000076ab00000,0x000000078a900000,0x000000078a900000)
  from space 15872K, 89% used [0x000000078bc80000,0x000000078ca657e0,0x000000078cc00000)
  to   space 17920K, 0% used [0x000000078a900000,0x000000078a900000,0x000000078ba80000)
 ParOldGen       total 139776K, used 14680K [0x00000006c0000000, 0x00000006c8880000, 0x000000076ab00000)
  object space 139776K, 10% used [0x00000006c0000000,0x00000006c0e56288,0x00000006c8880000)
 Metaspace       used 36794K, capacity 38038K, committed 38440K, reserved 1083392K
  class space    used 4588K, capacity 4872K, committed 4912K, reserved 1048576K
Event: 6.798 GC heap after
Heap after GC invocations=17 (full 2):
 PSYoungGen      total 540160K, used 16904K [0x000000076ab00000, 0x0000000796f80000, 0x00000007c0000000)
  eden space 522240K, 0% used [0x000000076ab00000,0x000000076ab00000,0x000000078a900000)
  from space 17920K, 94% used [0x000000078a900000,0x000000078b982070,0x000000078ba80000)
  to   space 20480K, 0% used [0x0000000795b80000,0x0000000795b80000,0x0000000796f80000)
 ParOldGen       total 139776K, used 33588K [0x00000006c0000000, 0x00000006c8880000, 0x000000076ab00000)
  object space 139776K, 24% used [0x00000006c0000000,0x00000006c20cd2f8,0x00000006c8880000)
 Metaspace       used 36794K, capacity 38038K, committed 38440K, reserved 1083392K
  class space    used 4588K, capacity 4872K, committed 4912K, reserved 1048576K
}
Event: 8.805 GC heap before
{Heap before GC invocations=18 (full 2):
 PSYoungGen      total 540160K, used 539033K [0x000000076ab00000, 0x0000000796f80000, 0x00000007c0000000)
  eden space 522240K, 99% used [0x000000076ab00000,0x000000078a8e4580,0x000000078a900000)
  from space 17920K, 94% used [0x000000078a900000,0x000000078b982070,0x000000078ba80000)
  to   space 20480K, 0% used [0x0000000795b80000,0x0000000795b80000,0x0000000796f80000)
 ParOldGen       total 139776K, used 33588K [0x00000006c0000000, 0x00000006c8880000, 0x000000076ab00000)
  object space 139776K, 24% used [0x00000006c0000000,0x00000006c20cd2f8,0x00000006c8880000)
 Metaspace       used 36839K, capacity 38102K, committed 38440K, reserved 1083392K
  class space    used 4590K, capacity 4872K, committed 4912K, reserved 1048576K
Event: 8.812 GC heap after
Heap after GC invocations=18 (full 2):
 PSYoungGen      total 671232K, used 6264K [0x000000076ab00000, 0x0000000796200000, 0x00000007c0000000)
  eden space 664576K, 0% used [0x000000076ab00000,0x000000076ab00000,0x0000000793400000)
  from space 6656K, 94% used [0x0000000795b80000,0x000000079619e030,0x0000000796200000)
  to   space 19456K, 0% used [0x0000000793c00000,0x0000000793c00000,0x0000000794f00000)
 ParOldGen       total 139776K, used 33748K [0x00000006c0000000, 0x00000006c8880000, 0x000000076ab00000)
  object space 139776K, 24% used [0x00000006c0000000,0x00000006c20f52f8,0x00000006c8880000)
 Metaspace       used 36839K, capacity 38102K, committed 38440K, reserved 1083392K
  class space    used 4590K, capacity 4872K, committed 4912K, reserved 1048576K
}
Event: 10.780 GC heap before
{Heap before GC invocations=19 (full 2):
 PSYoungGen      total 671232K, used 670840K [0x000000076ab00000, 0x0000000796200000, 0x00000007c0000000)
  eden space 664576K, 100% used [0x000000076ab00000,0x0000000793400000,0x0000000793400000)
  from space 6656K, 94% used [0x0000000795b80000,0x000000079619e030,0x0000000796200000)
  to   space 19456K, 0% used [0x0000000793c00000,0x0000000793c00000,0x0000000794f00000)
 ParOldGen       total 139776K, used 36448K [0x00000006c0000000, 0x00000006c8880000, 0x000000076ab00000)
  object space 139776K, 26% used [0x00000006c0000000,0x00000006c2398308,0x00000006c8880000)
 Metaspace       used 36925K, capacity 38166K, committed 38440K, reserved 1083392K
  class space    used 4593K, capacity 4872K, committed 4912K, reserved 1048576K
Event: 10.791 GC heap after
Heap after GC invocations=19 (full 2):
 PSYoungGen      total 692224K, used 17064K [0x000000076ab00000, 0x000000079c780000, 0x00000007c0000000)
  eden space 672768K, 0% used [0x000000076ab00000,0x000000076ab00000,0x0000000793c00000)
  from space 19456K, 87% used [0x0000000793c00000,0x0000000794caa070,0x0000000794f00000)
  to   space 22016K, 0% used [0x000000079b200000,0x000000079b200000,0x000000079c780000)
 ParOldGen       total 139776K, used 36456K [0x00000006c0000000, 0x00000006c8880000, 0x000000076ab00000)
  object space 139776K, 26% used [0x00000006c0000000,0x00000006c239a308,0x00000006c8880000)
 Metaspace       used 36925K, capacity 38166K, committed 38440K, reserved 1083392K
  class space    used 4593K, capacity 4872K, committed 4912K, reserved 1048576K
}

