# JRE version: Java(TM) SE Runtime Environment (8.0_201-b09) (build 1.8.0_201-b09)
# Java VM: Java HotSpot(TM) 64-Bit Server VM (25.201-b09 mixed mode bsd-amd64 compressed oops)
Heap:
 PSYoungGen      total 1157632K, used 92440K [0x000000076ab00000, 0x00000007b8e80000, 0x00000007c0000000)
  eden space 1079808K, 4% used [0x000000076ab00000,0x000000076d8cdeb0,0x00000007ac980000)
  from space 77824K, 58% used [0x00000007b1400000,0x00000007b4078170,0x00000007b6000000)
  to   space 76288K, 0% used [0x00000007ac980000,0x00000007ac980000,0x00000007b1400000)
 ParOldGen       total 231936K, used 40945K [0x00000006c0000000, 0x00000006ce280000, 0x000000076ab00000)
  object space 231936K, 17% used [0x00000006c0000000,0x00000006c27fc560,0x00000006ce280000)
 Metaspace       used 38505K, capacity 39992K, committed 40232K, reserved 1085440K
  class space    used 4795K, capacity 5063K, committed 5168K, reserved 1048576K
GC Heap History (10 events):
Event: 78.560 GC heap before
{Heap before GC invocations=35 (full 2):
 PSYoungGen      total 1073152K, used 1072992K [0x000000076ab00000, 0x00000007b9680000, 0x00000007c0000000)
  eden space 1028096K, 100% used [0x000000076ab00000,0x00000007a9700000,0x00000007a9700000)
  from space 45056K, 99% used [0x00000007b6a80000,0x00000007b9658120,0x00000007b9680000)
  to   space 69632K, 0% used [0x00000007b0e80000,0x00000007b0e80000,0x00000007b5280000)
 ParOldGen       total 150016K, used 129033K [0x00000006c0000000, 0x00000006c9280000, 0x000000076ab00000)
  object space 150016K, 86% used [0x00000006c0000000,0x00000006c7e025e8,0x00000006c9280000)
 Metaspace       used 38499K, capacity 39992K, committed 40232K, reserved 1085440K
  class space    used 4795K, capacity 5063K, committed 5168K, reserved 1048576K
Event: 78.572 GC heap after
Heap after GC invocations=35 (full 2):
 PSYoungGen      total 1052160K, used 69196K [0x000000076ab00000, 0x00000007b6b00000, 0x00000007c0000000)
  eden space 982528K, 0% used [0x000000076ab00000,0x000000076ab00000,0x00000007a6a80000)
  from space 69632K, 99% used [0x00000007b0e80000,0x00000007b52131b0,0x00000007b5280000)
  to   space 25088K, 0% used [0x00000007b5280000,0x00000007b5280000,0x00000007b6b00000)
 ParOldGen       total 150016K, used 134457K [0x00000006c0000000, 0x00000006c9280000, 0x000000076ab00000)
  object space 150016K, 89% used [0x00000006c0000000,0x00000006c834e608,0x00000006c9280000)
 Metaspace       used 38499K, capacity 39992K, committed 40232K, reserved 1085440K
  class space    used 4795K, capacity 5063K, committed 5168K, reserved 1048576K
}
Event: 81.439 GC heap before
{Heap before GC invocations=36 (full 3):
 PSYoungGen      total 1052160K, used 1051724K [0x000000076ab00000, 0x00000007b6b00000, 0x00000007c0000000)
  eden space 982528K, 100% used [0x000000076ab00000,0x00000007a6a80000,0x00000007a6a80000)
  from space 69632K, 99% used [0x00000007b0e80000,0x00000007b52131b0,0x00000007b5280000)
  to   space 25088K, 0% used [0x00000007b5280000,0x00000007b5280000,0x00000007b6b00000)
 ParOldGen       total 150016K, used 142586K [0x00000006c0000000, 0x00000006c9280000, 0x000000076ab00000)
  object space 150016K, 95% used [0x00000006c0000000,0x00000006c8b3e8d8,0x00000006c9280000)
 Metaspace       used 38500K, capacity 39992K, committed 40232K, reserved 1085440K
  class space    used 4795K, capacity 5063K, committed 5168K, reserved 1048576K
Event: 81.535 GC heap after
Heap after GC invocations=36 (full 3):
 PSYoungGen      total 1052160K, used 0K [0x000000076ab00000, 0x00000007b6b00000, 0x00000007c0000000)
  eden space 982528K, 0% used [0x000000076ab00000,0x000000076ab00000,0x00000007a6a80000)
  from space 69632K, 0% used [0x00000007b0e80000,0x00000007b0e80000,0x00000007b5280000)
  to   space 25088K, 0% used [0x00000007b5280000,0x00000007b5280000,0x00000007b6b00000)
 ParOldGen       total 231936K, used 32448K [0x00000006c0000000, 0x00000006ce280000, 0x000000076ab00000)
  object space 231936K, 13% used [0x00000006c0000000,0x00000006c1fb03f8,0x00000006ce280000)
 Metaspace       used 38500K, capacity 39992K, committed 40232K, reserved 1085440K
  class space    used 4795K, capacity 5063K, committed 5168K, reserved 1048576K
}
Event: 84.342 GC heap before
{Heap before GC invocations=37 (full 3):
 PSYoungGen      total 1052160K, used 982528K [0x000000076ab00000, 0x00000007b6b00000, 0x00000007c0000000)
  eden space 982528K, 100% used [0x000000076ab00000,0x00000007a6a80000,0x00000007a6a80000)
  from space 69632K, 0% used [0x00000007b0e80000,0x00000007b0e80000,0x00000007b5280000)
  to   space 25088K, 0% used [0x00000007b5280000,0x00000007b5280000,0x00000007b6b00000)
 ParOldGen       total 231936K, used 32567K [0x00000006c0000000, 0x00000006ce280000, 0x000000076ab00000)
  object space 231936K, 14% used [0x00000006c0000000,0x00000006c1fcdd08,0x00000006ce280000)
 Metaspace       used 38501K, capacity 39992K, committed 40232K, reserved 1085440K
  class space    used 4795K, capacity 5063K, committed 5168K, reserved 1048576K
Event: 84.346 GC heap after
Heap after GC invocations=37 (full 3):
 PSYoungGen      total 1052672K, used 23744K [0x000000076ab00000, 0x00000007b6a00000, 0x00000007c0000000)
  eden space 1028608K, 0% used [0x000000076ab00000,0x000000076ab00000,0x00000007a9780000)
  from space 24064K, 98% used [0x00000007b5280000,0x00000007b69b00f0,0x00000007b6a00000)
  to   space 77312K, 0% used [0x00000007ad300000,0x00000007ad300000,0x00000007b1e80000)
 ParOldGen       total 231936K, used 37975K [0x00000006c0000000, 0x00000006ce280000, 0x000000076ab00000)
  object space 231936K, 16% used [0x00000006c0000000,0x00000006c2515d28,0x00000006ce280000)
 Metaspace       used 38501K, capacity 39992K, committed 40232K, reserved 1085440K
  class space    used 4795K, capacity 5063K, committed 5168K, reserved 1048576K
}
Event: 87.275 GC heap before
{Heap before GC invocations=38 (full 3):
 PSYoungGen      total 1052672K, used 1052352K [0x000000076ab00000, 0x00000007b6a00000, 0x00000007c0000000)
  eden space 1028608K, 100% used [0x000000076ab00000,0x00000007a9780000,0x00000007a9780000)
  from space 24064K, 98% used [0x00000007b5280000,0x00000007b69b00f0,0x00000007b6a00000)
  to   space 77312K, 0% used [0x00000007ad300000,0x00000007ad300000,0x00000007b1e80000)
 ParOldGen       total 231936K, used 38008K [0x00000006c0000000, 0x00000006ce280000, 0x000000076ab00000)
  object space 231936K, 16% used [0x00000006c0000000,0x00000006c251e060,0x00000006ce280000)
 Metaspace       used 38501K, capacity 39992K, committed 40232K, reserved 1085440K
  class space    used 4795K, capacity 5063K, committed 5168K, reserved 1048576K
Event: 87.284 GC heap after
Heap after GC invocations=38 (full 3):
 PSYoungGen      total 1126912K, used 48140K [0x000000076ab00000, 0x00000007b6000000, 0x00000007c0000000)
  eden space 1078272K, 0% used [0x000000076ab00000,0x000000076ab00000,0x00000007ac800000)
  from space 48640K, 98% used [0x00000007ad300000,0x00000007b0203180,0x00000007b0280000)
  to   space 77824K, 0% used [0x00000007b1400000,0x00000007b1400000,0x00000007b6000000)
 ParOldGen       total 231936K, used 38008K [0x00000006c0000000, 0x00000006ce280000, 0x000000076ab00000)
  object space 231936K, 16% used [0x00000006c0000000,0x00000006c251e060,0x00000006ce280000)
 Metaspace       used 38501K, capacity 39992K, committed 40232K, reserved 1085440K
  class space    used 4795K, capacity 5063K, committed 5168K, reserved 1048576K
}
Event: 90.455 GC heap before
{Heap before GC invocations=39 (full 3):
 PSYoungGen      total 1126912K, used 1126412K [0x000000076ab00000, 0x00000007b6000000, 0x00000007c0000000)
  eden space 1078272K, 100% used [0x000000076ab00000,0x00000007ac800000,0x00000007ac800000)
  from space 48640K, 98% used [0x00000007ad300000,0x00000007b0203180,0x00000007b0280000)
  to   space 77824K, 0% used [0x00000007b1400000,0x00000007b1400000,0x00000007b6000000)
 ParOldGen       total 231936K, used 40945K [0x00000006c0000000, 0x00000006ce280000, 0x000000076ab00000)
  object space 231936K, 17% used [0x00000006c0000000,0x00000006c27fc560,0x00000006ce280000)
 Metaspace       used 38505K, capacity 39992K, committed 40232K, reserved 1085440K
  class space    used 4795K, capacity 5063K, committed 5168K, reserved 1048576K
Event: 90.463 GC heap after
Heap after GC invocations=39 (full 3):
 PSYoungGen      total 1157632K, used 45536K [0x000000076ab00000, 0x00000007b8e80000, 0x00000007c0000000)
  eden space 1079808K, 0% used [0x000000076ab00000,0x000000076ab00000,0x00000007ac980000)
  from space 77824K, 58% used [0x00000007b1400000,0x00000007b4078170,0x00000007b6000000)
  to   space 76288K, 0% used [0x00000007ac980000,0x00000007ac980000,0x00000007b1400000)
 ParOldGen       total 231936K, used 40945K [0x00000006c0000000, 0x00000006ce280000, 0x000000076ab00000)
  object space 231936K, 17% used [0x00000006c0000000,0x00000006c27fc560,0x00000006ce280000)
 Metaspace       used 38505K, capacity 39992K, committed 40232K, reserved 1085440K
  class space    used 4795K, capacity 5063K, committed 5168K, reserved 1048576K
}

